SF:lib\shared\shared_prefs.dart
DA:8,2
DA:10,4
DA:12,2
DA:14,2
DA:15,2
DA:18,0
DA:19,0
DA:22,1
DA:23,2
DA:26,1
DA:27,1
DA:28,2
DA:29,3
DA:36,2
DA:37,4
DA:40,0
DA:41,0
DA:45,1
DA:46,2
DA:49,1
DA:50,2
DA:53,1
DA:54,2
DA:55,2
DA:59,0
DA:60,0
DA:65,0
DA:67,0
DA:68,0
DA:69,0
DA:72,0
DA:73,0
DA:74,0
DA:77,0
DA:78,0
DA:81,0
DA:82,0
DA:84,0
DA:85,0
DA:91,0
DA:92,0
DA:93,0
DA:95,0
DA:96,0
DA:101,0
DA:102,0
DA:105,0
DA:106,0
DA:107,0
DA:108,0
DA:112,0
DA:113,0
DA:114,0
DA:115,0
DA:116,0
DA:117,0
DA:118,0
DA:121,0
DA:122,0
DA:123,0
DA:124,0
DA:125,0
DA:126,0
DA:128,0
DA:129,0
DA:130,0
DA:135,0
DA:136,0
DA:139,0
DA:140,0
LF:70
LH:20
end_of_record
SF:lib\types\shopping_list.dart
DA:9,0
DA:15,0
DA:16,0
DA:19,0
DA:20,0
DA:21,0
DA:25,0
DA:27,0
DA:28,0
DA:29,0
DA:33,0
DA:36,0
DA:37,0
DA:40,0
DA:42,0
DA:44,0
DA:45,0
DA:46,0
DA:48,0
DA:52,0
DA:53,0
DA:55,0
DA:56,0
DA:58,0
DA:59,0
DA:60,0
DA:62,0
LF:27
LH:0
end_of_record
SF:lib\types\ingredient.dart
DA:15,2
DA:25,1
DA:26,1
DA:27,2
DA:28,3
DA:29,3
DA:34,1
DA:35,1
DA:36,1
DA:43,0
DA:44,0
DA:45,0
DA:48,0
DA:49,0
DA:50,0
DA:51,0
DA:52,0
DA:54,0
DA:58,0
DA:59,0
DA:60,0
DA:61,0
DA:64,0
DA:65,0
DA:67,0
DA:68,0
LF:26
LH:9
end_of_record
SF:lib\backend_connection\ingredient_loader.dart
DA:10,1
DA:12,2
DA:14,1
DA:16,1
DA:17,1
DA:18,1
DA:21,2
DA:22,1
DA:23,1
DA:25,2
DA:26,2
DA:27,3
DA:28,4
DA:30,1
LF:14
LH:14
end_of_record
SF:lib\content_examples\ingredient_examples.dart
DA:6,0
DA:7,0
DA:8,0
DA:13,0
DA:17,6
DA:18,2
DA:24,2
DA:30,2
DA:36,2
LF:9
LH:5
end_of_record
SF:lib\backend_connection\load_recipes.dart
DA:27,1
DA:29,2
DA:30,1
DA:31,1
DA:33,2
DA:34,2
DA:35,3
DA:36,4
DA:39,1
LF:9
LH:9
end_of_record
SF:lib\types\recipe.dart
DA:15,2
DA:27,1
DA:28,1
DA:29,1
DA:31,0
DA:32,1
DA:33,1
DA:34,1
DA:35,1
DA:36,1
DA:37,1
DA:39,1
DA:40,2
DA:45,0
DA:46,0
DA:47,0
DA:48,0
DA:49,0
DA:52,0
DA:54,0
DA:55,0
LF:21
LH:12
end_of_record
SF:lib\pages\profile\subpages\allergies.dart
DA:8,2
DA:10,1
DA:11,1
DA:31,1
DA:33,3
DA:34,1
DA:35,3
DA:36,1
DA:37,4
DA:38,1
DA:39,1
DA:40,4
DA:43,1
DA:44,1
DA:45,2
DA:47,1
DA:48,1
DA:49,3
DA:50,2
DA:54,2
DA:56,1
DA:57,1
DA:58,3
DA:59,2
DA:63,2
DA:65,1
DA:66,1
DA:67,3
DA:68,2
DA:72,2
DA:74,1
DA:75,1
DA:76,3
DA:77,2
DA:81,2
DA:83,1
DA:84,1
DA:85,3
DA:86,2
DA:90,2
DA:92,1
DA:93,1
DA:94,3
DA:95,2
LF:44
LH:44
end_of_record
SF:lib\pages\profile\subpages\preferences.dart
DA:7,2
DA:9,1
DA:10,1
DA:26,1
DA:28,3
DA:29,1
DA:30,3
DA:31,1
DA:32,1
DA:33,3
DA:35,6
DA:37,1
DA:38,1
DA:39,2
DA:42,1
DA:43,1
DA:44,2
DA:45,1
DA:47,3
DA:48,2
DA:49,3
DA:51,2
DA:56,2
DA:59,1
DA:60,1
DA:61,2
DA:62,1
DA:64,3
DA:65,2
DA:66,3
DA:68,2
DA:74,2
DA:77,1
DA:78,1
DA:79,2
DA:80,1
DA:82,3
DA:83,2
DA:84,3
DA:86,2
DA:91,2
DA:94,1
DA:95,1
DA:96,2
DA:97,1
DA:99,3
DA:100,2
DA:101,3
DA:103,2
LF:49
LH:49
end_of_record
SF:lib\pages\recipes\create_recipe\add_ingredient.dart
DA:18,2
DA:20,1
DA:21,1
DA:32,0
DA:33,0
DA:34,0
DA:35,0
DA:36,0
DA:37,0
DA:42,0
DA:43,0
DA:44,0
DA:45,0
DA:49,1
DA:51,3
DA:52,3
DA:53,1
DA:66,1
DA:68,1
DA:69,0
DA:70,0
DA:71,0
DA:73,0
DA:75,1
DA:76,1
DA:77,1
DA:78,2
DA:79,1
DA:80,1
DA:81,2
DA:82,3
DA:85,1
DA:88,3
DA:89,2
DA:97,1
DA:98,1
DA:99,1
DA:111,1
DA:113,1
DA:114,1
DA:119,1
DA:121,1
DA:124,1
DA:125,0
DA:126,0
DA:127,0
DA:128,0
DA:133,1
DA:134,1
DA:163,1
DA:165,1
DA:166,0
DA:167,0
DA:169,0
DA:170,0
DA:171,0
DA:172,0
DA:176,1
DA:184,1
DA:185,0
DA:189,1
DA:191,1
DA:193,1
DA:194,1
DA:195,2
DA:196,3
DA:199,1
LF:67
LH:42
end_of_record
SF:lib\pages\recipes\create_recipe\add_picture.dart
DA:16,1
DA:21,1
DA:23,1
DA:24,1
DA:32,1
DA:34,1
DA:35,2
DA:38,1
DA:40,1
DA:41,0
DA:42,0
DA:43,0
DA:45,0
DA:47,1
DA:48,1
DA:49,1
DA:50,2
DA:51,1
DA:52,0
DA:53,0
DA:54,0
DA:57,1
DA:60,3
DA:61,2
DA:79,1
DA:80,1
DA:81,1
DA:82,3
DA:90,1
DA:91,1
DA:92,1
DA:98,1
DA:99,1
DA:100,1
DA:103,1
DA:108,1
DA:113,1
DA:115,1
DA:116,1
DA:117,1
DA:118,0
DA:119,0
DA:120,0
DA:122,1
DA:142,1
DA:143,1
DA:144,0
DA:145,0
DA:146,0
DA:148,1
DA:170,1
DA:177,1
DA:179,1
DA:182,1
DA:184,1
DA:185,1
DA:186,1
DA:187,1
DA:194,1
DA:195,0
DA:196,0
DA:205,1
DA:207,1
DA:209,1
DA:210,0
DA:211,0
DA:212,0
DA:213,0
DA:214,0
DA:215,0
DA:218,1
DA:232,0
DA:234,0
DA:235,0
DA:239,0
DA:240,0
DA:241,0
LF:77
LH:50
end_of_record
SF:lib\pages\recipes\create_recipe\create_manual.dart
DA:14,1
DA:15,1
DA:17,1
DA:18,1
DA:26,1
DA:28,3
DA:29,1
DA:32,1
DA:33,2
DA:34,2
DA:38,1
DA:39,2
DA:40,2
DA:44,1
DA:46,1
DA:47,0
DA:48,0
DA:49,0
DA:51,0
DA:53,1
DA:54,1
DA:55,1
DA:56,2
DA:57,1
DA:58,1
DA:59,2
DA:60,3
DA:64,1
DA:67,3
DA:68,2
DA:77,1
DA:79,1
DA:80,4
DA:82,1
DA:83,1
DA:84,1
DA:86,1
DA:87,2
DA:99,1
DA:100,1
DA:101,1
DA:103,3
DA:104,3
DA:110,1
DA:111,1
DA:113,1
DA:115,1
DA:116,3
DA:117,1
DA:118,1
DA:119,1
DA:120,1
DA:121,1
DA:124,1
DA:128,1
DA:130,1
DA:131,1
DA:132,1
DA:134,1
DA:135,4
DA:141,1
DA:142,1
DA:143,2
DA:144,3
DA:148,1
DA:149,2
DA:155,1
DA:156,1
DA:158,1
DA:160,1
DA:161,1
DA:162,2
DA:163,3
DA:168,1
DA:172,1
DA:181,1
DA:188,1
DA:190,1
DA:191,1
DA:198,1
DA:199,2
DA:200,2
LF:82
LH:78
end_of_record
SF:lib\pages\recipes\create_recipe\ingredient_builder.dart
DA:8,2
DA:10,1
DA:11,1
DA:15,1
DA:17,1
DA:19,1
DA:20,1
DA:21,1
DA:23,1
DA:24,3
DA:25,1
DA:26,1
DA:27,1
DA:28,1
DA:29,1
DA:32,1
DA:36,1
DA:38,1
DA:39,1
DA:41,4
DA:43,1
DA:45,1
DA:50,1
DA:51,1
DA:53,1
DA:54,1
DA:55,1
DA:56,5
LF:28
LH:28
end_of_record
SF:lib\pages\recipes\create_recipe\name_recipe.dart
DA:11,1
DA:12,1
DA:14,1
DA:15,1
DA:22,1
DA:24,5
DA:25,5
DA:26,1
DA:29,1
DA:31,1
DA:32,1
DA:33,1
DA:34,2
DA:35,1
DA:36,1
DA:37,0
DA:38,0
DA:40,1
DA:43,3
DA:44,2
DA:54,1
DA:56,1
DA:58,1
DA:60,1
DA:80,1
DA:82,1
DA:84,1
DA:87,1
DA:89,1
DA:90,1
DA:92,1
DA:94,1
DA:95,1
DA:97,1
DA:99,1
DA:100,1
DA:104,1
DA:110,1
DA:112,1
DA:114,1
DA:115,1
DA:116,2
DA:118,5
DA:119,5
DA:120,3
DA:124,1
DA:129,1
LF:47
LH:45
end_of_record
SF:lib\pages\recipes\create_recipe\search_ingredients.dart
DA:13,2
DA:15,1
DA:16,1
DA:22,1
DA:24,1
DA:25,1
DA:26,1
DA:30,1
DA:32,1
DA:33,1
DA:34,1
DA:35,1
DA:36,2
DA:37,2
DA:39,1
DA:41,0
DA:42,0
DA:43,0
DA:44,0
DA:45,0
DA:46,1
DA:49,1
DA:59,1
DA:64,1
DA:65,0
DA:66,0
DA:68,1
DA:83,1
DA:84,1
DA:85,1
DA:86,1
DA:87,1
DA:88,1
DA:89,1
DA:93,1
DA:95,1
DA:96,1
DA:97,1
DA:99,1
DA:101,1
DA:102,2
DA:103,1
DA:106,1
DA:108,1
DA:110,1
DA:111,1
DA:113,1
DA:116,1
DA:118,1
DA:121,1
DA:122,1
DA:129,0
DA:130,0
DA:136,1
DA:137,1
DA:139,1
DA:140,3
DA:141,1
DA:142,1
DA:143,1
DA:144,0
DA:145,0
DA:146,0
DA:153,1
DA:154,1
DA:156,1
DA:157,1
DA:158,3
DA:159,1
DA:172,2
LF:70
LH:58
end_of_record
SF:lib\pages\recipes\create_recipe\step_dialog.dart
DA:6,2
DA:9,1
DA:10,1
DA:17,1
DA:19,1
DA:23,1
DA:25,1
DA:26,1
DA:27,1
DA:29,1
DA:32,1
DA:39,1
DA:40,1
DA:42,2
DA:43,5
DA:44,1
LF:16
LH:16
end_of_record
SF:lib\pages\profile\components\tile_divider.dart
DA:4,2
DA:6,1
DA:8,3
DA:10,3
DA:13,1
LF:5
LH:5
end_of_record
SF:lib\pages\profile\components\widget_tile.dart
DA:8,2
DA:10,1
DA:11,1
DA:15,1
DA:17,1
DA:18,3
DA:19,1
DA:20,1
DA:23,1
DA:25,1
DA:26,3
DA:27,2
LF:12
LH:12
end_of_record
SF:lib\pages\recipes\create_recipe\create_recipe_title.dart
DA:5,4
DA:7,1
DA:9,1
DA:11,1
DA:13,1
DA:14,1
LF:6
LH:6
end_of_record
SF:lib\pages\recipes\create_recipe\ingredient_list_item.dart
DA:16,0
DA:19,0
DA:20,0
DA:24,0
DA:26,0
DA:28,0
DA:29,0
DA:30,0
DA:31,0
DA:32,0
DA:33,0
DA:34,0
DA:35,0
DA:42,0
DA:44,0
DA:45,0
DA:47,0
DA:50,0
DA:52,0
DA:55,0
DA:57,0
DA:60,0
DA:61,0
DA:67,0
DA:72,0
DA:73,0
DA:75,0
DA:76,0
DA:77,0
DA:78,0
DA:79,0
DA:80,0
DA:85,0
DA:86,0
LF:34
LH:0
end_of_record
SF:lib\pages\recipes\create_recipe\create_recipe_progress.dart
DA:8,4
DA:10,1
DA:12,1
DA:14,1
DA:15,1
DA:16,1
LF:6
LH:6
end_of_record
SF:lib\pages\recipes\create_recipe\edit_dialog.dart
DA:6,2
DA:8,1
DA:9,1
DA:15,1
DA:17,4
DA:18,1
DA:21,1
DA:23,1
DA:27,1
DA:29,1
DA:30,1
DA:31,1
DA:33,1
DA:36,1
DA:43,1
DA:44,1
DA:46,1
DA:47,1
DA:48,3
LF:19
LH:19
end_of_record
